<?xml version="1.0" encoding="UTF-8"?>
<!-- Generated by org.testng.reporters.JUnitXMLReporter -->
<testsuite ignored="0" hostname="DESKTOP-60IP7UE" failures="0" tests="2" name="void_automation_task_testcases" time="159.092" errors="0" timestamp="2023-01-15T00:27:12 EET">
  <testcase classname="tests.TodayDealsTest" name="TaskOne_SecondScenario" time="100.66"/>
  <testcase classname="tests.CarAccessoriesTest" name="TaskOne_FirstScenario" time="51.409"/>
</testsuite> <!-- void_automation_task_testcases -->
